\BOOKMARK [1][-]{section.1}{\376\377\133\236\232\214\121\205\133\271}{}% 1
\BOOKMARK [1][-]{section.2}{\376\377\133\236\232\214\163\257\130\203}{}% 2
\BOOKMARK [1][-]{section.3}{\376\377\121\205\133\271\122\006\147\220}{}% 3
\BOOKMARK [1][-]{section.4}{\376\377\121\167\117\123\133\236\163\260}{}% 4
\BOOKMARK [2][-]{subsection.4.1}{\376\377\000L\000e\000x\213\315\154\325\122\006\147\220}{section.4}% 5
\BOOKMARK [3][-]{subsubsection.4.1.1}{\376\377\211\343\147\220\000S\000Q\000L\121\163\225\056\133\127}{subsection.4.1}% 6
\BOOKMARK [3][-]{subsubsection.4.1.2}{\376\377\211\343\147\220\201\352\133\232\116\111\166\204\133\127\116\062}{subsection.4.1}% 7
\BOOKMARK [2][-]{subsection.4.2}{\376\377\211\343\147\220\150\007\160\271\173\046\123\367}{section.4}% 8
\BOOKMARK [2][-]{subsection.4.3}{\376\377\145\160\143\156\136\223\174\373\176\337\166\204\176\323\147\204\213\276\213\241}{section.4}% 9
\BOOKMARK [3][-]{subsubsection.4.3.1}{\376\377\162\151\164\006\176\323\147\204\000\040}{subsection.4.3}% 10
\BOOKMARK [3][-]{subsubsection.4.3.2}{\376\377\220\073\217\221\176\323\147\204}{subsection.4.3}% 11
\BOOKMARK [4][-]{paragraph.4.3.2.1}{\376\377\127\372\147\054\224\376\210\150}{subsubsection.4.3.2}% 12
\BOOKMARK [4][-]{paragraph.4.3.2.2}{\376\377\145\160\143\156\136\223\174\373\176\337\176\323\147\204}{subsubsection.4.3.2}% 13
\BOOKMARK [4][-]{paragraph.4.3.2.3}{\376\377\145\160\143\156\136\223\176\323\147\204}{subsubsection.4.3.2}% 14
\BOOKMARK [4][-]{paragraph.4.3.2.4}{\376\377\210\150\123\125\176\323\147\204}{subsubsection.4.3.2}% 15
\BOOKMARK [4][-]{paragraph.4.3.2.5}{\376\377\134\136\140\047\127\337\176\323\147\204}{subsubsection.4.3.2}% 16
\BOOKMARK [4][-]{paragraph.4.3.2.6}{\376\377\147\141\116\366\176\323\147\204}{subsubsection.4.3.2}% 17
\BOOKMARK [2][-]{subsection.4.4}{\376\377\000Y\000a\000c\000c\166\204\213\355\154\325\122\006\147\220\136\166\116\016\143\245\123\343\166\204\116\244\116\222}{section.4}% 18
\BOOKMARK [3][-]{subsubsection.4.4.1}{\376\377\140\073\117\123\213\355\123\345\150\106\147\266}{subsection.4.4}% 19
\BOOKMARK [3][-]{subsubsection.4.4.2}{\376\377\122\033\136\372\145\160\143\156\136\223}{subsection.4.4}% 20
\BOOKMARK [3][-]{subsubsection.4.4.3}{\376\377\117\177\165\050\145\160\143\156\136\223}{subsection.4.4}% 21
\BOOKMARK [3][-]{subsubsection.4.4.4}{\376\377\146\076\171\072\142\100\147\011\145\160\143\156\136\223}{subsection.4.4}% 22
\BOOKMARK [3][-]{subsubsection.4.4.5}{\376\377\122\040\226\144\145\160\143\156\136\223}{subsection.4.4}% 23
\BOOKMARK [3][-]{subsubsection.4.4.6}{\376\377\122\033\136\372\210\150\123\125}{subsection.4.4}% 24
\BOOKMARK [3][-]{subsubsection.4.4.7}{\376\377\122\040\226\144\210\150\123\125}{subsection.4.4}% 25
\BOOKMARK [3][-]{subsubsection.4.4.8}{\376\377\146\076\171\072\142\100\147\011\210\150\123\125}{subsection.4.4}% 26
\BOOKMARK [3][-]{subsubsection.4.4.9}{\376\377\134\125\171\072\210\150\123\125\142\100\147\011\134\136\140\047}{subsection.4.4}% 27
\BOOKMARK [3][-]{subsubsection.4.4.10}{\376\377\143\322\121\145\121\103\176\304}{subsection.4.4}% 28
\BOOKMARK [3][-]{subsubsection.4.4.11}{\376\377\147\345\213\342\121\103\176\304}{subsection.4.4}% 29
\BOOKMARK [3][-]{subsubsection.4.4.12}{\376\377\220\000\121\372\174\373\176\337}{subsection.4.4}% 30
\BOOKMARK [3][-]{subsubsection.4.4.13}{\376\377\122\040\226\144\121\103\176\304\116\016\146\364\145\260\121\103\176\304}{subsection.4.4}% 31
\BOOKMARK [1][-]{section.5}{\376\377\176\323\147\234\134\125\171\072}{}% 32
\BOOKMARK [1][-]{section.6}{\376\377\134\100\226\120\116\016\134\125\147\033}{}% 33
\BOOKMARK [1][-]{section.7}{\376\377\116\052\116\272\117\123\117\032}{}% 34
\BOOKMARK [1][-]{section.8}{\376\377\172\013\136\217\156\005\123\125}{}% 35
